<?xml version="1.0" encoding="UTF-8"?>
<!-- Generated by org.testng.reporters.JUnitReportReporter -->
<testsuite hostname="SHAIKHH-WIN10" failures="0" tests="1" name="orangeHRM.testcases.OrangeHRMRegression" time="5.588" errors="0" timestamp="2024-08-20T17:51:07 IST" skipped="0">
  <testcase classname="orangeHRM.testcases.OrangeHRMRegression" name="verifyLogin" time="5.588"/>
  <system-out>
    <![CDATA[Cleared browser cookies
Login URL: https://opensource-demo.orangehrmlive.com
Sending Values in : username
Waiting for web element to load on the page : username
Cleared : username
Inputted 'Admin' text into : username
Sending Values in : password
Waiting for web element to load on the page : password
Cleared : password
Inputted 'admin123' text into : password
Clicking on : Login Button
Waiting for web element to load on the page : Login Button
Clicked on : Login Button]]>
  </system-out>
</testsuite> <!-- orangeHRM.testcases.OrangeHRMRegression -->
