<?xml version="1.0" encoding="UTF-8"?>
<!-- Generated by org.testng.reporters.JUnitReportReporter -->
<testsuite hostname="PRASENJITSWIN10" failures="0" tests="1" name="myar.testcases.MyarRegression" time="42.443" errors="0" timestamp="2024-07-04T12:41:17 IST" skipped="0">
  <testcase classname="myar.testcases.MyarRegression" name="verifyLoginFunctionalityWithValidCredentials" time="42.443"/>
  <system-out>
    <![CDATA[Cleared browser cookies
Login URL: https://staging.snoopstar.com
Clicking on : Language selector drop-down
Waiting for web element to load on the page : Language selector drop-down
Clicked on : Language selector drop-down
Clicking on : Language EN
Waiting for web element to load on the page : Language EN
Clicked on : Language EN
Sending Values in : Enter email address textbox
Waiting for web element to load on the page : Enter email address textbox
Cleared : Enter email address textbox
Inputted 'client_automation@gmail.com' text into : Enter email address textbox
Sending Values in : Enter password textbox
Waiting for web element to load on the page : Enter password textbox
Cleared : Enter password textbox
Inputted 'Mindfire1!' text into : Enter password textbox
Clicking on : Login Button
Waiting for web element to load on the page : Login Button
Clicked on : Login Button
Waiting for application loader to disappear
loader is not present
loginAttempt: 1
Verifying whether Element : Enter email address textbox on login page is displayed
Error while verifying - Enter email address textbox on login page element displayed : Unable to locate element: *[name='emailAddress']
For documentation on this error, please visit: https://selenium.dev/exceptions/#no_such_element
Build info: version: '4.7.2', revision: '4d4020c3b7'
System info: os.name: 'Windows 10', os.arch: 'amd64', os.version: '10.0', java.version: '17.0.7'
Driver info: org.openqa.selenium.firefox.FirefoxDriver
Command: [6255e3d4-d6a9-4326-b5aa-a4c6d2d3196a, findElement {using=name, value=emailAddress}]
Capabilities {acceptInsecureCerts: true, browserName: firefox, browserVersion: 127.0.2, moz:accessibilityChecks: false, moz:buildID: 20240624183754, moz:debuggerAddress: 127.0.0.1:45488, moz:geckodriverVersion: 0.34.0, moz:headless: false, moz:platformVersion: 10.0, moz:processID: 9680, moz:profile: C:\Users\PRASEN~1\AppData\L..., moz:shutdownTimeout: 60000, moz:webdriverClick: true, moz:windowless: false, pageLoadStrategy: normal, platformName: WINDOWS, proxy: Proxy(), se:cdp: ws://127.0.0.1:45488/devtoo..., se:cdpVersion: 85.0, setWindowRect: true, strictFileInteractability: false, timeouts: {implicit: 0, pageLoad: 300000, script: 30000}, unhandledPromptBehavior: dismiss and notify, userAgent: Mozilla/5.0 (Windows NT 10....}
Session ID: 6255e3d4-d6a9-4326-b5aa-a4c6d2d3196a
Logged In
Verifying whether Element : DASHBOARD modal is displayed
Clicking on : MYAR user drop-down
Waiting for web element to load on the page : MYAR user drop-down
Clicked on : MYAR user drop-down
Clicking on : Log out option
Waiting for web element to load on the page : Log out option
Clicked on : Log out option
Logged Out]]>
  </system-out>
</testsuite> <!-- myar.testcases.MyarRegression -->
